<?xml version="1.0" encoding="UTF-8"?>
<testng-results skipped="0" failed="0" ignored="0" total="1" passed="1">
  <reporter-output>
  </reporter-output>
  <suite name="Surefire suite" duration-ms="94" started-at="2019-12-28T08:31:50Z" finished-at="2019-12-28T08:31:50Z">
    <groups>
    </groups>
    <test name="Surefire test" duration-ms="94" started-at="2019-12-28T08:31:50Z" finished-at="2019-12-28T08:31:50Z">
      <class name="firstmvm.mavendemoTest">
        <test-method status="PASS" signature="mavendemo1()[pri:0, instance:firstmvm.mavendemoTest@6bf256fa]" name="mavendemo1" duration-ms="7" started-at="2019-12-28T14:01:50Z" finished-at="2019-12-28T14:01:50Z">
          <reporter-output>
          </reporter-output>
        </test-method> <!-- mavendemo1 -->
      </class> <!-- firstmvm.mavendemoTest -->
    </test> <!-- Surefire test -->
  </suite> <!-- Surefire suite -->
</testng-results>
